Starting auto-resume monitor for MLS scraper...
Check interval: 45 seconds
Log file: scraper_output.log

[2025-12-23 09:17:41] Starting scraper...
Scraper started (PID: 92396)
[2025-12-23 09:18:26] ✗ Scraper stopped - restarting...
  Restarted (PID: 92426)
  ✗ Restart failed - will retry in 45 seconds
[2025-12-23 09:19:16] ✗ Scraper stopped - restarting...
  Restarted (PID: 92452)
  ✗ Restart failed - will retry in 45 seconds
[2025-12-23 09:20:06] ✗ Scraper stopped - restarting...
  Restarted (PID: 92459)
  ✗ Restart failed - will retry in 45 seconds
[2025-12-23 09:20:56] ✗ Scraper stopped - restarting...
  Restarted (PID: 92473)
  ✗ Restart failed - will retry in 45 seconds
[2025-12-23 09:21:46] ✗ Scraper stopped - restarting...
  Restarted (PID: 92503)
  ✗ Restart failed - will retry in 45 seconds
[2025-12-23 09:22:37] ✗ Scraper stopped - restarting...
  Restarted (PID: 92553)
  ✗ Restart failed - will retry in 45 seconds
[2025-12-23 09:23:27] ✗ Scraper stopped - restarting...
  Restarted (PID: 92583)
  ✗ Restart failed - will retry in 45 seconds
[2025-12-23 09:24:17] ✗ Scraper stopped - restarting...
  Restarted (PID: 92600)
  ✗ Restart failed - will retry in 45 seconds
[2025-12-23 09:25:07] ✗ Scraper stopped - restarting...
  Restarted (PID: 92626)
  ✗ Restart failed - will retry in 45 seconds
[2025-12-23 09:25:57] ✗ Scraper stopped - restarting...
  Restarted (PID: 92638)
  ✗ Restart failed - will retry in 45 seconds
[2025-12-23 09:26:47] ✗ Scraper stopped - restarting...
  Restarted (PID: 92645)
  ✗ Restart failed - will retry in 45 seconds
[2025-12-23 09:27:37] ✗ Scraper stopped - restarting...
  Restarted (PID: 92653)
  ✗ Restart failed - will retry in 45 seconds
[2025-12-23 09:28:27] ✗ Scraper stopped - restarting...
  Restarted (PID: 92702)
  ✗ Restart failed - will retry in 45 seconds
[2025-12-23 09:29:17] ✗ Scraper stopped - restarting...
  Restarted (PID: 92713)
  ✗ Restart failed - will retry in 45 seconds
[2025-12-23 09:30:07] ✗ Scraper stopped - restarting...
  Restarted (PID: 92722)
  ✗ Restart failed - will retry in 45 seconds
[2025-12-23 09:30:57] ✗ Scraper stopped - restarting...
  Restarted (PID: 92751)
  ✗ Restart failed - will retry in 45 seconds
[2025-12-23 09:31:47] ✗ Scraper stopped - restarting...
  Restarted (PID: 92771)
  ✗ Restart failed - will retry in 45 seconds
[2025-12-23 09:32:37] ✗ Scraper stopped - restarting...
  Restarted (PID: 92778)
  ✗ Restart failed - will retry in 45 seconds
[2025-12-23 09:33:27] ✗ Scraper stopped - restarting...
  Restarted (PID: 92787)
  ✗ Restart failed - will retry in 45 seconds
[2025-12-23 09:34:17] ✗ Scraper stopped - restarting...
  Restarted (PID: 92835)
  ✗ Restart failed - will retry in 45 seconds
[2025-12-23 09:35:07] ✗ Scraper stopped - restarting...
  Restarted (PID: 92842)
  ✗ Restart failed - will retry in 45 seconds
[2025-12-23 09:35:57] ✗ Scraper stopped - restarting...
  Restarted (PID: 92854)
  ✗ Restart failed - will retry in 45 seconds
[2025-12-23 09:36:48] ✗ Scraper stopped - restarting...
  Restarted (PID: 92876)
  ✗ Restart failed - will retry in 45 seconds
[2025-12-23 09:37:38] ✗ Scraper stopped - restarting...
  Restarted (PID: 92888)
  ✗ Restart failed - will retry in 45 seconds
[2025-12-23 09:38:28] ✗ Scraper stopped - restarting...
  Restarted (PID: 92895)
  ✗ Restart failed - will retry in 45 seconds
[2025-12-23 09:39:18] ✗ Scraper stopped - restarting...
  Restarted (PID: 92951)
  ✗ Restart failed - will retry in 45 seconds
[2025-12-23 09:40:08] ✗ Scraper stopped - restarting...
  Restarted (PID: 92978)
  ✗ Restart failed - will retry in 45 seconds
[2025-12-23 09:40:58] ✗ Scraper stopped - restarting...
  Restarted (PID: 92990)
  ✗ Restart failed - will retry in 45 seconds
[2025-12-23 09:41:48] ✗ Scraper stopped - restarting...
  Restarted (PID: 92997)
  ✗ Restart failed - will retry in 45 seconds
[2025-12-23 09:42:38] ✗ Scraper stopped - restarting...
  Restarted (PID: 93005)
  ✗ Restart failed - will retry in 45 seconds
[2025-12-23 09:43:28] ✗ Scraper stopped - restarting...
  Restarted (PID: 93035)
  ✗ Restart failed - will retry in 45 seconds
[2025-12-23 09:44:18] ✗ Scraper stopped - restarting...
  Restarted (PID: 93056)
  ✗ Restart failed - will retry in 45 seconds
[2025-12-23 09:45:08] ✗ Scraper stopped - restarting...
  Restarted (PID: 93081)
  ✗ Restart failed - will retry in 45 seconds
[2025-12-23 09:45:58] ✗ Scraper stopped - restarting...
  Restarted (PID: 93115)
  ✗ Restart failed - will retry in 45 seconds
[2025-12-23 09:46:48] ✗ Scraper stopped - restarting...
  Restarted (PID: 93122)
  ✗ Restart failed - will retry in 45 seconds
[2025-12-23 09:47:39] ✗ Scraper stopped - restarting...
  Restarted (PID: 93142)
  ✗ Restart failed - will retry in 45 seconds
[2025-12-23 09:48:29] ✗ Scraper stopped - restarting...
  Restarted (PID: 93176)
  ✗ Restart failed - will retry in 45 seconds
[2025-12-23 09:49:19] ✗ Scraper stopped - restarting...
  Restarted (PID: 93238)
  ✗ Restart failed - will retry in 45 seconds
[2025-12-23 09:50:09] ✗ Scraper stopped - restarting...
  Restarted (PID: 93282)
  ✗ Restart failed - will retry in 45 seconds
[2025-12-23 09:50:59] ✗ Scraper stopped - restarting...
  Restarted (PID: 93313)
  ✗ Restart failed - will retry in 45 seconds
[2025-12-23 09:51:49] ✗ Scraper stopped - restarting...
  Restarted (PID: 93347)
  ✗ Restart failed - will retry in 45 seconds
[2025-12-23 09:52:39] ✗ Scraper stopped - restarting...
  Restarted (PID: 93369)
  ✗ Restart failed - will retry in 45 seconds
[2025-12-23 09:53:29] ✗ Scraper stopped - restarting...
  Restarted (PID: 93385)
  ✗ Restart failed - will retry in 45 seconds
[2025-12-23 09:54:19] ✗ Scraper stopped - restarting...
  Restarted (PID: 93413)
  ✗ Restart failed - will retry in 45 seconds
[2025-12-23 09:55:09] ✗ Scraper stopped - restarting...
  Restarted (PID: 93422)
  ✗ Restart failed - will retry in 45 seconds
[2025-12-23 09:55:59] ✗ Scraper stopped - restarting...
  Restarted (PID: 93432)
  ✗ Restart failed - will retry in 45 seconds
[2025-12-23 09:56:49] ✗ Scraper stopped - restarting...
  Restarted (PID: 93440)
  ✗ Restart failed - will retry in 45 seconds
[2025-12-23 09:57:39] ✗ Scraper stopped - restarting...
  Restarted (PID: 93452)
  ✗ Restart failed - will retry in 45 seconds
[2025-12-23 09:58:29] ✗ Scraper stopped - restarting...
  Restarted (PID: 93464)
  ✗ Restart failed - will retry in 45 seconds
[2025-12-23 09:59:20] ✗ Scraper stopped - restarting...
  Restarted (PID: 93471)
  ✗ Restart failed - will retry in 45 seconds
[2025-12-23 10:00:10] ✗ Scraper stopped - restarting...
  Restarted (PID: 93500)
  ✗ Restart failed - will retry in 45 seconds
[2025-12-23 10:01:00] ✗ Scraper stopped - restarting...
  Restarted (PID: 93526)
  ✗ Restart failed - will retry in 45 seconds
[2025-12-23 10:01:50] ✗ Scraper stopped - restarting...
  Restarted (PID: 93535)
  ✗ Restart failed - will retry in 45 seconds
[2025-12-23 10:02:40] ✗ Scraper stopped - restarting...
  Restarted (PID: 93544)
  ✗ Restart failed - will retry in 45 seconds
[2025-12-23 10:03:30] ✗ Scraper stopped - restarting...
  Restarted (PID: 93553)
  ✗ Restart failed - will retry in 45 seconds
[2025-12-23 10:04:20] ✗ Scraper stopped - restarting...
  Restarted (PID: 93560)
  ✗ Restart failed - will retry in 45 seconds
[2025-12-23 10:05:10] ✗ Scraper stopped - restarting...
  Restarted (PID: 93567)
  ✗ Restart failed - will retry in 45 seconds
[2025-12-23 10:06:00] ✗ Scraper stopped - restarting...
  Restarted (PID: 93578)
  ✗ Restart failed - will retry in 45 seconds
[2025-12-23 10:06:50] ✗ Scraper stopped - restarting...
  Restarted (PID: 93586)
  ✗ Restart failed - will retry in 45 seconds
[2025-12-23 10:07:40] ✗ Scraper stopped - restarting...
  Restarted (PID: 93651)
  ✗ Restart failed - will retry in 45 seconds
[2025-12-23 10:08:30] ✗ Scraper stopped - restarting...
  Restarted (PID: 93681)
  ✗ Restart failed - will retry in 45 seconds
[2025-12-23 10:09:20] ✗ Scraper stopped - restarting...
  Restarted (PID: 93689)
  ✗ Restart failed - will retry in 45 seconds
[2025-12-23 10:10:11] ✗ Scraper stopped - restarting...
  Restarted (PID: 93706)
  ✗ Restart failed - will retry in 45 seconds
[2025-12-23 10:11:01] ✗ Scraper stopped - restarting...
  Restarted (PID: 93743)
  ✗ Restart failed - will retry in 45 seconds
[2025-12-23 10:11:51] ✗ Scraper stopped - restarting...
  Restarted (PID: 93755)
  ✗ Restart failed - will retry in 45 seconds
[2025-12-23 10:12:41] ✗ Scraper stopped - restarting...
  Restarted (PID: 93793)
  ✗ Restart failed - will retry in 45 seconds
[2025-12-23 10:13:31] ✗ Scraper stopped - restarting...
  Restarted (PID: 93825)
  ✗ Restart failed - will retry in 45 seconds
[2025-12-23 10:14:21] ✗ Scraper stopped - restarting...
  Restarted (PID: 93861)
  ✗ Restart failed - will retry in 45 seconds
[2025-12-23 10:15:11] ✗ Scraper stopped - restarting...
  Restarted (PID: 93890)
  ✗ Restart failed - will retry in 45 seconds
[2025-12-23 10:16:01] ✗ Scraper stopped - restarting...
  Restarted (PID: 93905)
  ✗ Restart failed - will retry in 45 seconds
[2025-12-23 10:16:51] ✗ Scraper stopped - restarting...
  Restarted (PID: 93939)
  ✗ Restart failed - will retry in 45 seconds
[2025-12-23 10:17:41] ✗ Scraper stopped - restarting...
  Restarted (PID: 93955)
  ✗ Restart failed - will retry in 45 seconds
[2025-12-23 10:18:31] ✗ Scraper stopped - restarting...
  Restarted (PID: 93970)
  ✗ Restart failed - will retry in 45 seconds
[2025-12-23 10:19:22] ✗ Scraper stopped - restarting...
  Restarted (PID: 94017)
  ✗ Restart failed - will retry in 45 seconds
[2025-12-23 10:20:12] ✗ Scraper stopped - restarting...
  Restarted (PID: 94030)
  ✗ Restart failed - will retry in 45 seconds
[2025-12-23 10:21:02] ✗ Scraper stopped - restarting...
  Restarted (PID: 94052)
  ✗ Restart failed - will retry in 45 seconds
[2025-12-23 10:21:52] ✗ Scraper stopped - restarting...
  Restarted (PID: 94063)
  ✗ Restart failed - will retry in 45 seconds
[2025-12-23 10:22:42] ✗ Scraper stopped - restarting...
  Restarted (PID: 94101)
  ✗ Restart failed - will retry in 45 seconds
[2025-12-23 10:23:32] ✗ Scraper stopped - restarting...
  Restarted (PID: 94117)
  ✗ Restart failed - will retry in 45 seconds
[2025-12-23 10:24:22] ✗ Scraper stopped - restarting...
  Restarted (PID: 94149)
  ✗ Restart failed - will retry in 45 seconds
[2025-12-23 10:25:12] ✗ Scraper stopped - restarting...
  Restarted (PID: 94174)
  ✗ Restart failed - will retry in 45 seconds
[2025-12-23 10:26:02] ✗ Scraper stopped - restarting...
  Restarted (PID: 94203)
  ✗ Restart failed - will retry in 45 seconds
[2025-12-23 10:26:52] ✗ Scraper stopped - restarting...
  Restarted (PID: 94222)
  ✗ Restart failed - will retry in 45 seconds
[2025-12-23 10:27:42] ✗ Scraper stopped - restarting...
  Restarted (PID: 94237)
  ✗ Restart failed - will retry in 45 seconds
[2025-12-23 10:28:32] ✗ Scraper stopped - restarting...
  Restarted (PID: 94265)
  ✗ Restart failed - will retry in 45 seconds
[2025-12-23 10:29:23] ✗ Scraper stopped - restarting...
  Restarted (PID: 94316)
  ✗ Restart failed - will retry in 45 seconds
[2025-12-23 10:30:13] ✗ Scraper stopped - restarting...
  Restarted (PID: 94348)
  ✗ Restart failed - will retry in 45 seconds
[2025-12-23 10:31:03] ✗ Scraper stopped - restarting...
  Restarted (PID: 94356)
  ✗ Restart failed - will retry in 45 seconds
[2025-12-23 10:31:53] ✗ Scraper stopped - restarting...
  Restarted (PID: 94381)
  ✗ Restart failed - will retry in 45 seconds
[2025-12-23 10:32:43] ✗ Scraper stopped - restarting...
  Restarted (PID: 94405)
  ✗ Restart failed - will retry in 45 seconds
[2025-12-23 10:33:33] ✗ Scraper stopped - restarting...
  Restarted (PID: 94422)
  ✗ Restart failed - will retry in 45 seconds
[2025-12-23 10:34:23] ✗ Scraper stopped - restarting...
  Restarted (PID: 94475)
  ✗ Restart failed - will retry in 45 seconds
[2025-12-23 10:35:13] ✗ Scraper stopped - restarting...
  Restarted (PID: 94515)
  ✗ Restart failed - will retry in 45 seconds
[2025-12-23 10:36:03] ✗ Scraper stopped - restarting...
  Restarted (PID: 94542)
  ✗ Restart failed - will retry in 45 seconds
